c:\users\marta\documents\pojekty sdizo\implementacja_struktur_sdizo\debug\vc143.pdb
c:\users\marta\documents\pojekty sdizo\implementacja_struktur_sdizo\debug\vc143.idb
c:\users\marta\documents\pojekty sdizo\implementacja_struktur_sdizo\debug\testtablicy.obj
c:\users\marta\documents\pojekty sdizo\implementacja_struktur_sdizo\debug\menutablicy.obj
c:\users\marta\documents\pojekty sdizo\implementacja_struktur_sdizo\debug\obiektmenu.obj
c:\users\marta\documents\pojekty sdizo\implementacja_struktur_sdizo\debug\menu.obj
c:\users\marta\documents\pojekty sdizo\implementacja_struktur_sdizo\debug\tablicadynamiczna.obj
c:\users\marta\documents\pojekty sdizo\implementacja_struktur_sdizo\debug\main.obj
c:\users\marta\documents\pojekty sdizo\implementacja_struktur_sdizo\debug\pomiar.obj
c:\users\marta\documents\pojekty sdizo\implementacja_struktur_sdizo\debug\listadwukierunkowa.obj
c:\users\marta\documents\pojekty sdizo\implementacja_struktur_sdizo\debug\elemlisty.obj
c:\users\marta\documents\pojekty sdizo\implementacja_struktur_sdizo\debug\testlisty.obj
c:\users\marta\documents\pojekty sdizo\implementacja_struktur_sdizo\debug\kopiecbinarny.obj
c:\users\marta\documents\pojekty sdizo\implementacja_struktur_sdizo\debug\testkopca.obj
c:\users\marta\documents\pojekty sdizo\implementacja_struktur_sdizo\debug\testdrzewabst.obj
c:\users\marta\documents\pojekty sdizo\implementacja_struktur_sdizo\debug\drzewobst.obj
c:\users\user\onedrive\dokumenty\github\implementacja_struktur_sdizo\debug\vc143.pdb
c:\users\user\onedrive\dokumenty\github\implementacja_struktur_sdizo\debug\vc143.idb
c:\users\user\onedrive\dokumenty\github\implementacja_struktur_sdizo\debug\elemlisty.obj
c:\users\user\onedrive\dokumenty\github\implementacja_struktur_sdizo\debug\pomiar.obj
c:\users\user\onedrive\dokumenty\github\implementacja_struktur_sdizo\debug\testdrzewabst.obj
c:\users\user\onedrive\dokumenty\github\implementacja_struktur_sdizo\debug\testkopca.obj
c:\users\user\onedrive\dokumenty\github\implementacja_struktur_sdizo\debug\testlisty.obj
c:\users\user\onedrive\dokumenty\github\implementacja_struktur_sdizo\debug\testtablicy.obj
c:\users\user\onedrive\dokumenty\github\implementacja_struktur_sdizo\debug\menu.obj
c:\users\user\onedrive\dokumenty\github\implementacja_struktur_sdizo\debug\drzewobst.obj
c:\users\user\onedrive\dokumenty\github\implementacja_struktur_sdizo\debug\kopiecbinarny.obj
c:\users\user\onedrive\dokumenty\github\implementacja_struktur_sdizo\debug\listadwukierunkowa.obj
c:\users\user\onedrive\dokumenty\github\implementacja_struktur_sdizo\debug\tablicadynamiczna.obj
c:\users\user\onedrive\dokumenty\github\implementacja_struktur_sdizo\debug\main.obj
c:\users\user\onedrive\dokumenty\github\implementacja_struktur_sdizo\debug\elembst.obj
c:\users\marta\documents\pojekty sdizo\implementacja_struktur_sdizo\debug\elembst.obj
c:\users\marta\documents\pojekty sdizo\implementacja_struktur_sdizo\debug\testdrzewarb.obj
c:\users\marta\documents\pojekty sdizo\implementacja_struktur_sdizo\debug\elemrb.obj
c:\users\marta\documents\pojekty sdizo\implementacja_struktur_sdizo\debug\drzeworb.obj
c:\users\user\onedrive\dokumenty\github\implementacja_struktur_sdizo\debug\implementacja struktur sdizo 1.ilk
c:\users\user\onedrive\dokumenty\github\implementacja_struktur_sdizo\debug\implementacja struktur sdizo 1.exe
c:\users\user\onedrive\dokumenty\github\implementacja_struktur_sdizo\debug\implementacja struktur sdizo 1.pdb
c:\users\marta\documents\pojekty sdizo\implementacja_struktur_sdizo\debug\implementacja struktur sdizo 1.exe
c:\users\marta\documents\pojekty sdizo\implementacja_struktur_sdizo\debug\implementacja struktur sdizo 1.ilk
c:\users\marta\documents\pojekty sdizo\implementacja_struktur_sdizo\debug\implementacja struktur sdizo 1.pdb
c:\users\marta\documents\pojekty sdizo\implementacja_struktur_sdizo\debug\drzewobst.obj.enc
c:\users\marta\documents\pojekty sdizo\implementacja_struktur_sdizo\debug\implemen.4ce7faed.tlog\cl.command.1.tlog
c:\users\marta\documents\pojekty sdizo\implementacja_struktur_sdizo\debug\implemen.4ce7faed.tlog\cl.read.1.tlog
c:\users\marta\documents\pojekty sdizo\implementacja_struktur_sdizo\debug\implemen.4ce7faed.tlog\cl.write.1.tlog
c:\users\marta\documents\pojekty sdizo\implementacja_struktur_sdizo\debug\implemen.4ce7faed.tlog\link.command.1.tlog
c:\users\marta\documents\pojekty sdizo\implementacja_struktur_sdizo\debug\implemen.4ce7faed.tlog\link.read.1.tlog
c:\users\marta\documents\pojekty sdizo\implementacja_struktur_sdizo\debug\implemen.4ce7faed.tlog\link.write.1.tlog
