  tablicaDynamiczna.cpp
C:\Users\Marta\Documents\Pojekty SDiZO\implementacja struktur SDiZO 1\implementacja struktur SDiZO 1\tablicaDynamiczna.cpp(7,21): error C2600: „TablicaDynamiczna::~TablicaDynamiczna”: Nie można zdefiniować generowanej przez kompilator specjalnej funkcji składowej (musi być najpierw zadeklarowana w klasie)
C:\Users\Marta\Documents\Pojekty SDiZO\implementacja struktur SDiZO 1\implementacja struktur SDiZO 1\tablicaDynamiczna.cpp(12,25): error C2511: „void TablicaDynamiczna::dodaj(int)”: Przeciążona funkcja składowa nie została znaleziona w „TablicaDynamiczna”
C:\Users\Marta\Documents\Pojekty SDiZO\implementacja struktur SDiZO 1\implementacja struktur SDiZO 1\tablicaDynamiczna.h(5,7): message : zobacz deklarację „TablicaDynamiczna”
C:\Users\Marta\Documents\Pojekty SDiZO\implementacja struktur SDiZO 1\implementacja struktur SDiZO 1\tablicaDynamiczna.cpp(13,15): error C2597: niedozwolone odwołanie do niestatycznej składowej „TablicaDynamiczna::rozm”
C:\Users\Marta\Documents\Pojekty SDiZO\implementacja struktur SDiZO 1\implementacja struktur SDiZO 1\tablicaDynamiczna.cpp(13,15): error C3867: „TablicaDynamiczna::rozm”: niestandardowa składnia; użyj znaku „&”, aby utworzyć wskaźnik do składowej
C:\Users\Marta\Documents\Pojekty SDiZO\implementacja struktur SDiZO 1\implementacja struktur SDiZO 1\tablicaDynamiczna.cpp(13,15): error C2568: "==": nie można rozpoznać przeciążenia funkcji
C:\Users\Marta\Documents\Pojekty SDiZO\implementacja struktur SDiZO 1\implementacja struktur SDiZO 1\tablicaDynamiczna.cpp(14,7): error C2597: niedozwolone odwołanie do niestatycznej składowej „TablicaDynamiczna::rozm”
C:\Users\Marta\Documents\Pojekty SDiZO\implementacja struktur SDiZO 1\implementacja struktur SDiZO 1\tablicaDynamiczna.cpp(14,7): error C3867: „TablicaDynamiczna::rozm”: niestandardowa składnia; użyj znaku „&”, aby utworzyć wskaźnik do składowej
C:\Users\Marta\Documents\Pojekty SDiZO\implementacja struktur SDiZO 1\implementacja struktur SDiZO 1\tablicaDynamiczna.cpp(14,7): error C2568: "++": nie można rozpoznać przeciążenia funkcji
C:\Users\Marta\Documents\Pojekty SDiZO\implementacja struktur SDiZO 1\implementacja struktur SDiZO 1\tablicaDynamiczna.cpp(15,18): error C2597: niedozwolone odwołanie do niestatycznej składowej „TablicaDynamiczna::rozm”
C:\Users\Marta\Documents\Pojekty SDiZO\implementacja struktur SDiZO 1\implementacja struktur SDiZO 1\tablicaDynamiczna.h(9,6): message : zobacz deklarację „TablicaDynamiczna::rozm”
C:\Users\Marta\Documents\Pojekty SDiZO\implementacja struktur SDiZO 1\implementacja struktur SDiZO 1\tablicaDynamiczna.cpp(15,3): error C2597: niedozwolone odwołanie do niestatycznej składowej „TablicaDynamiczna::baza”
C:\Users\Marta\Documents\Pojekty SDiZO\implementacja struktur SDiZO 1\implementacja struktur SDiZO 1\tablicaDynamiczna.h(8,8): message : zobacz deklarację „TablicaDynamiczna::baza”
C:\Users\Marta\Documents\Pojekty SDiZO\implementacja struktur SDiZO 1\implementacja struktur SDiZO 1\tablicaDynamiczna.cpp(16,16): error C2597: niedozwolone odwołanie do niestatycznej składowej „TablicaDynamiczna::rozm”
C:\Users\Marta\Documents\Pojekty SDiZO\implementacja struktur SDiZO 1\implementacja struktur SDiZO 1\tablicaDynamiczna.cpp(16,16): error C3867: „TablicaDynamiczna::rozm”: niestandardowa składnia; użyj znaku „&”, aby utworzyć wskaźnik do składowej
C:\Users\Marta\Documents\Pojekty SDiZO\implementacja struktur SDiZO 1\implementacja struktur SDiZO 1\tablicaDynamiczna.cpp(16,16): error C2568: "-": nie można rozpoznać przeciążenia funkcji
C:\Users\Marta\Documents\Pojekty SDiZO\implementacja struktur SDiZO 1\implementacja struktur SDiZO 1\tablicaDynamiczna.cpp(19,33): error C2597: niedozwolone odwołanie do niestatycznej składowej „TablicaDynamiczna::rozm”
C:\Users\Marta\Documents\Pojekty SDiZO\implementacja struktur SDiZO 1\implementacja struktur SDiZO 1\tablicaDynamiczna.h(9,6): message : zobacz deklarację „TablicaDynamiczna::rozm”
C:\Users\Marta\Documents\Pojekty SDiZO\implementacja struktur SDiZO 1\implementacja struktur SDiZO 1\tablicaDynamiczna.cpp(20,17): error C2597: niedozwolone odwołanie do niestatycznej składowej „TablicaDynamiczna::baza”
C:\Users\Marta\Documents\Pojekty SDiZO\implementacja struktur SDiZO 1\implementacja struktur SDiZO 1\tablicaDynamiczna.h(8,8): message : zobacz deklarację „TablicaDynamiczna::baza”
C:\Users\Marta\Documents\Pojekty SDiZO\implementacja struktur SDiZO 1\implementacja struktur SDiZO 1\tablicaDynamiczna.cpp(20,39): error C2597: niedozwolone odwołanie do niestatycznej składowej „TablicaDynamiczna::rozm”
C:\Users\Marta\Documents\Pojekty SDiZO\implementacja struktur SDiZO 1\implementacja struktur SDiZO 1\tablicaDynamiczna.h(9,6): message : zobacz deklarację „TablicaDynamiczna::rozm”
C:\Users\Marta\Documents\Pojekty SDiZO\implementacja struktur SDiZO 1\implementacja struktur SDiZO 1\tablicaDynamiczna.cpp(21,16): error C2541: "delete": nie można usunąć obiektów, które nie są wskaźnikami
C:\Users\Marta\Documents\Pojekty SDiZO\implementacja struktur SDiZO 1\implementacja struktur SDiZO 1\tablicaDynamiczna.cpp(22,7): error C2597: niedozwolone odwołanie do niestatycznej składowej „TablicaDynamiczna::rozm”
C:\Users\Marta\Documents\Pojekty SDiZO\implementacja struktur SDiZO 1\implementacja struktur SDiZO 1\tablicaDynamiczna.cpp(22,7): error C3867: „TablicaDynamiczna::rozm”: niestandardowa składnia; użyj znaku „&”, aby utworzyć wskaźnik do składowej
C:\Users\Marta\Documents\Pojekty SDiZO\implementacja struktur SDiZO 1\implementacja struktur SDiZO 1\tablicaDynamiczna.cpp(22,7): error C2568: "++": nie można rozpoznać przeciążenia funkcji
C:\Users\Marta\Documents\Pojekty SDiZO\implementacja struktur SDiZO 1\implementacja struktur SDiZO 1\tablicaDynamiczna.cpp(24,18): error C2597: niedozwolone odwołanie do niestatycznej składowej „TablicaDynamiczna::rozm”
C:\Users\Marta\Documents\Pojekty SDiZO\implementacja struktur SDiZO 1\implementacja struktur SDiZO 1\tablicaDynamiczna.h(9,6): message : zobacz deklarację „TablicaDynamiczna::rozm”
C:\Users\Marta\Documents\Pojekty SDiZO\implementacja struktur SDiZO 1\implementacja struktur SDiZO 1\tablicaDynamiczna.cpp(24,3): error C2597: niedozwolone odwołanie do niestatycznej składowej „TablicaDynamiczna::baza”
C:\Users\Marta\Documents\Pojekty SDiZO\implementacja struktur SDiZO 1\implementacja struktur SDiZO 1\tablicaDynamiczna.h(8,8): message : zobacz deklarację „TablicaDynamiczna::baza”
C:\Users\Marta\Documents\Pojekty SDiZO\implementacja struktur SDiZO 1\implementacja struktur SDiZO 1\tablicaDynamiczna.cpp(25,33): error C2597: niedozwolone odwołanie do niestatycznej składowej „TablicaDynamiczna::baza”
C:\Users\Marta\Documents\Pojekty SDiZO\implementacja struktur SDiZO 1\implementacja struktur SDiZO 1\tablicaDynamiczna.h(8,8): message : zobacz deklarację „TablicaDynamiczna::baza”
C:\Users\Marta\Documents\Pojekty SDiZO\implementacja struktur SDiZO 1\implementacja struktur SDiZO 1\tablicaDynamiczna.cpp(25,47): error C2597: niedozwolone odwołanie do niestatycznej składowej „TablicaDynamiczna::rozm”
C:\Users\Marta\Documents\Pojekty SDiZO\implementacja struktur SDiZO 1\implementacja struktur SDiZO 1\tablicaDynamiczna.cpp(25,47): error C3867: „TablicaDynamiczna::rozm”: niestandardowa składnia; użyj znaku „&”, aby utworzyć wskaźnik do składowej
C:\Users\Marta\Documents\Pojekty SDiZO\implementacja struktur SDiZO 1\implementacja struktur SDiZO 1\tablicaDynamiczna.cpp(25,47): error C2568: "-": nie można rozpoznać przeciążenia funkcji
C:\Users\Marta\Documents\Pojekty SDiZO\implementacja struktur SDiZO 1\implementacja struktur SDiZO 1\tablicaDynamiczna.cpp(26,16): error C2597: niedozwolone odwołanie do niestatycznej składowej „TablicaDynamiczna::rozm”
C:\Users\Marta\Documents\Pojekty SDiZO\implementacja struktur SDiZO 1\implementacja struktur SDiZO 1\tablicaDynamiczna.cpp(26,16): error C3867: „TablicaDynamiczna::rozm”: niestandardowa składnia; użyj znaku „&”, aby utworzyć wskaźnik do składowej
C:\Users\Marta\Documents\Pojekty SDiZO\implementacja struktur SDiZO 1\implementacja struktur SDiZO 1\tablicaDynamiczna.cpp(26,16): error C2568: "-": nie można rozpoznać przeciążenia funkcji
C:\Users\Marta\Documents\Pojekty SDiZO\implementacja struktur SDiZO 1\implementacja struktur SDiZO 1\tablicaDynamiczna.cpp(34,3): error C3861: "add": identyfikatora nie odnaleziono
C:\Users\Marta\Documents\Pojekty SDiZO\implementacja struktur SDiZO 1\implementacja struktur SDiZO 1\tablicaDynamiczna.cpp(40,2): error C2664: „void TablicaDynamiczna::kopiujTablice(int *,int *,int *)”: nie można dokonać konwersji argumentu 3 z „int” do „int *”
C:\Users\Marta\Documents\Pojekty SDiZO\implementacja struktur SDiZO 1\implementacja struktur SDiZO 1\tablicaDynamiczna.cpp(40,38): message : Konwersja z typu całkowitego na typ wskaźnika wymaga operatora reinterpret_cast, rzutowania w stylu języka C lub rzutowania w stylu funkcji ujętego w nawiasach
C:\Users\Marta\Documents\Pojekty SDiZO\implementacja struktur SDiZO 1\implementacja struktur SDiZO 1\tablicaDynamiczna.h(11,7): message : zobacz deklarację „TablicaDynamiczna::kopiujTablice”
C:\Users\Marta\Documents\Pojekty SDiZO\implementacja struktur SDiZO 1\implementacja struktur SDiZO 1\tablicaDynamiczna.cpp(40,2): message : podczas próby dopasowania listy argumentów "(int *, int *, int)"
C:\Users\Marta\Documents\Pojekty SDiZO\implementacja struktur SDiZO 1\implementacja struktur SDiZO 1\tablicaDynamiczna.cpp(48,14): error C2065: "element": niezadeklarowany identyfikator
C:\Users\Marta\Documents\Pojekty SDiZO\implementacja struktur SDiZO 1\implementacja struktur SDiZO 1\tablicaDynamiczna.cpp(58,2): error C3861: "add": identyfikatora nie odnaleziono
C:\Users\Marta\Documents\Pojekty SDiZO\implementacja struktur SDiZO 1\implementacja struktur SDiZO 1\tablicaDynamiczna.cpp(63,2): error C2562: "TablicaDynamiczna::zawartosc": funkcja "void" zwraca wartość
C:\Users\Marta\Documents\Pojekty SDiZO\implementacja struktur SDiZO 1\implementacja struktur SDiZO 1\tablicaDynamiczna.cpp(61,25): message : zobacz deklarację „TablicaDynamiczna::zawartosc”
C:\Users\Marta\Documents\Pojekty SDiZO\implementacja struktur SDiZO 1\implementacja struktur SDiZO 1\tablicaDynamiczna.cpp(66,42): error C2556: "bool TablicaDynamiczna::znajdz(int)": przeciążona funkcja różni się tylko typem zwracanym od "void TablicaDynamiczna::znajdz(int)"
C:\Users\Marta\Documents\Pojekty SDiZO\implementacja struktur SDiZO 1\implementacja struktur SDiZO 1\tablicaDynamiczna.h(15,7): message : zobacz deklarację „TablicaDynamiczna::znajdz”
C:\Users\Marta\Documents\Pojekty SDiZO\implementacja struktur SDiZO 1\implementacja struktur SDiZO 1\tablicaDynamiczna.cpp(66,25): error C2371: "TablicaDynamiczna::znajdz": zmiana definicji; różne typy podstawowe
C:\Users\Marta\Documents\Pojekty SDiZO\implementacja struktur SDiZO 1\implementacja struktur SDiZO 1\tablicaDynamiczna.h(15,7): message : zobacz deklarację „TablicaDynamiczna::znajdz”
C:\Users\Marta\Documents\Pojekty SDiZO\implementacja struktur SDiZO 1\implementacja struktur SDiZO 1\tablicaDynamiczna.cpp(68,18): error C2065: "element": niezadeklarowany identyfikator
C:\Users\Marta\Documents\Pojekty SDiZO\implementacja struktur SDiZO 1\implementacja struktur SDiZO 1\tablicaDynamiczna.cpp(82,3): error C2664: „void TablicaDynamiczna::kopiujTablice(int *,int *,int *)”: nie można dokonać konwersji argumentu 3 z „int” do „int *”
C:\Users\Marta\Documents\Pojekty SDiZO\implementacja struktur SDiZO 1\implementacja struktur SDiZO 1\tablicaDynamiczna.cpp(82,39): message : Konwersja z typu całkowitego na typ wskaźnika wymaga operatora reinterpret_cast, rzutowania w stylu języka C lub rzutowania w stylu funkcji ujętego w nawiasach
C:\Users\Marta\Documents\Pojekty SDiZO\implementacja struktur SDiZO 1\implementacja struktur SDiZO 1\tablicaDynamiczna.h(11,7): message : zobacz deklarację „TablicaDynamiczna::kopiujTablice”
C:\Users\Marta\Documents\Pojekty SDiZO\implementacja struktur SDiZO 1\implementacja struktur SDiZO 1\tablicaDynamiczna.cpp(82,3): message : podczas próby dopasowania listy argumentów "(int *, int *, int)"
C:\Users\Marta\Documents\Pojekty SDiZO\implementacja struktur SDiZO 1\implementacja struktur SDiZO 1\tablicaDynamiczna.cpp(99,9): error C3861: "out_of_range": identyfikatora nie odnaleziono
C:\Users\Marta\Documents\Pojekty SDiZO\implementacja struktur SDiZO 1\implementacja struktur SDiZO 1\tablicaDynamiczna.cpp(102,25): error C2511: „void TablicaDynamiczna::kopiujTablice(int *,int *,int)”: Przeciążona funkcja składowa nie została znaleziona w „TablicaDynamiczna”
C:\Users\Marta\Documents\Pojekty SDiZO\implementacja struktur SDiZO 1\implementacja struktur SDiZO 1\tablicaDynamiczna.h(5,7): message : zobacz deklarację „TablicaDynamiczna”
C:\Users\Marta\Documents\Pojekty SDiZO\implementacja struktur SDiZO 1\implementacja struktur SDiZO 1\tablicaDynamiczna.cpp(103,22): error C2065: "size": niezadeklarowany identyfikator
